<?xml version="1.0" encoding="UTF-8"?>
<!-- Generated by org.testng.reporters.JUnitXMLReporter -->
<testsuite hostname="Sharan" ignored="0" name="Default test" tests="7" failures="0" timestamp="2023-01-25T14:23:06 IST" time="86.064" errors="0">
  <testcase name="drop_down" time="1.329" classname="com.Amazon.Amazon_Project"/>
  <testcase name="select" time="10.794" classname="com.Amazon.Amazon_Project"/>
  <testcase name="first_Product" time="0.253" classname="com.Amazon.Amazon_Project"/>
  <testcase name="window_handle" time="0.036" classname="com.Amazon.Amazon_Project"/>
  <testcase name="add_To_Cart" time="4.885" classname="com.Amazon.Amazon_Project"/>
  <testcase name="cart_Checkout" time="7.591" classname="com.Amazon.Amazon_Project"/>
  <testcase name="screenShot" time="0.193" classname="com.Amazon.Amazon_Project"/>
</testsuite> <!-- Default test -->
